<?xml version="1.0" encoding="UTF-8"?>
<!-- Generated by org.testng.reporters.JUnitReportReporter -->
<testsuite skipped="2" hostname="jynath99" name="TestNGSession.LoginTest" tests="3" failures="0" timestamp="16 Aug 2020 10:54:49 GMT" time="15.296" errors="0">
  <testcase name="signUpLinkTest" time="15.296" classname="TestNGSession.LoginTest"/>
  <testcase name="loginTest" classname="TestNGSession.LoginTest">
    <skipped/>
  </testcase> <!-- loginTest -->
  <testcase name="pageTitleTest" classname="TestNGSession.LoginTest">
    <skipped/>
  </testcase> <!-- pageTitleTest -->
</testsuite> <!-- TestNGSession.LoginTest -->
