<?xml version="1.0" encoding="UTF-8"?>
<!-- Generated by org.testng.reporters.JUnitReportReporter -->
<testsuite skipped="0" hostname="jynath99" name="PracticeSelenium.FlipkartPage" tests="1" failures="0" timestamp="2020-09-08T17:56:49 IST" time="19.045" errors="0">
  <testcase name="SearchProduct" time="19.045" classname="PracticeSelenium.FlipkartPage"/>
  <system-out/>
</testsuite> <!-- PracticeSelenium.FlipkartPage -->
