<?xml version="1.0" encoding="UTF-8"?>
<!-- Generated by org.testng.reporters.JUnitReportReporter -->
<testsuite skipped="0" hostname="jynath99" name="TestNGSession.ExpectedExceptionConcept" tests="1" failures="0" timestamp="16 Aug 2020 15:19:41 GMT" time="0.002" errors="0">
  <testcase name="loginTest" time="0.002" classname="TestNGSession.ExpectedExceptionConcept"/>
</testsuite> <!-- TestNGSession.ExpectedExceptionConcept -->
