<?xml version="1.0" encoding="UTF-8"?>
<!-- Generated by org.testng.reporters.JUnitReportReporter -->
<testsuite skipped="0" hostname="jynath99" name="TestNGSession.PriorityTest" tests="1" failures="0" timestamp="16 Aug 2020 15:27:38 GMT" time="0.022" errors="0">
  <testcase name="test2" time="0.022" classname="TestNGSession.PriorityTest"/>
</testsuite> <!-- TestNGSession.PriorityTest -->
