<?xml version="1.0" encoding="UTF-8"?>
<!-- Generated by org.testng.reporters.JUnitReportReporter -->
<testsuite skipped="0" hostname="jynath99" name="TestNGSession.LoginPageTest" tests="3" failures="0" timestamp="22 Aug 2020 13:47:41 GMT" time="46.149" errors="0">
  <testcase name="loginPageTest" time="12.426" classname="TestNGSession.LoginPageTest"/>
  <testcase name="signUpLinkTest" time="12.466" classname="TestNGSession.LoginPageTest"/>
  <testcase name="loginTest" time="21.257" classname="TestNGSession.LoginPageTest"/>
</testsuite> <!-- TestNGSession.LoginPageTest -->
