<?xml version="1.0" encoding="UTF-8"?>
<!-- Generated by org.testng.reporters.JUnitReportReporter -->
<testsuite skipped="0" hostname="jynath99" name="TestNGSession.InvocationCountConcept" tests="2" failures="0" timestamp="16 Aug 2020 15:27:38 GMT" time="0.007" errors="0">
  <testcase name="CreateUser" time="0.004" classname="TestNGSession.InvocationCountConcept"/>
  <testcase name="CreateUser" time="0.003" classname="TestNGSession.InvocationCountConcept"/>
</testsuite> <!-- TestNGSession.InvocationCountConcept -->
