<?xml version="1.0" encoding="UTF-8"?>
<!-- Generated by org.testng.reporters.JUnitReportReporter -->
<testsuite skipped="0" hostname="jynath99" name="PracticeSelenium.Amazon" tests="1" failures="0" timestamp="2020-09-08T17:33:08 IST" time="32.728" errors="0">
  <testcase name="SearchProduct" time="32.728" classname="PracticeSelenium.Amazon"/>
  <system-out/>
</testsuite> <!-- PracticeSelenium.Amazon -->
